---------- Date: 2017-09-05 13:30:17 ~ IP : 188.163.81.79 ----------
REQUEST URI : /admin/index.php?route=extension/extension&token=5EpDg916r2PRRd3OtinIjncMIIkjeB0w
MOD DETAILS:
   modFile   : /home/printcol/skinali-printcolor.com/www/vqmod/xml/_seo_mega_pack_urls_generator.xml
   id        : SEO Mega KIT - URLs Generator
   version   : 1.5.x
   vqmver    : 2.X
   author    : marsilea15@gmail.com

File Name    : admin/model/catalog/product.php(0)
VQModObject::applyMod - SEARCH NOT FOUND (ABORTING MOD): (SELECT keyword FROM " . DB_PREFIX . "url_alias WHERE query = 'product_id=" . (int)$product_id . "') AS keyword

----------------------------------------------------------------------


---------- Date: 2017-09-05 13:31:06 ~ IP : 188.163.81.79 ----------
REQUEST URI : /admin/index.php?route=catalog/category/autocomplete&token=5EpDg916r2PRRd3OtinIjncMIIkjeB0w&filter_name=
MOD DETAILS:
   modFile   : /home/printcol/skinali-printcolor.com/www/vqmod/xml/_seo_mega_pack_titles_cmi.xml
   id        : SEO Mega KIT - SEO Title, SEO Heading Title (category, information, manufacturer)
   version   : 1.5.x
   vqmver    : 2.X
   author    : marsilea15@gmail.com

File Name    : admin/controller/catalog/category.php(1)
VQModObject::applyMod - SEARCH NOT FOUND (ABORTING MOD): $this->error['meta_title'][$language_id] = $this->language->get('error_meta_title');

----------------------------------------------------------------------


---------- Date: 2017-09-05 13:34:26 ~ IP : 188.163.81.79 ----------
REQUEST URI : /admin/index.php?route=extension/modification&token=5EpDg916r2PRRd3OtinIjncMIIkjeB0w
MOD DETAILS:
   modFile   : /home/printcol/skinali-printcolor.com/www/vqmod/xml/_seo_mega_pack_urls_generator.xml
   id        : SEO Mega KIT - URLs Generator
   version   : 1.5.x
   vqmver    : 2.X
   author    : marsilea15@gmail.com

File Name    : admin/model/catalog/product.php(0)
VQModObject::applyMod - SEARCH NOT FOUND (ABORTING MOD): (SELECT keyword FROM " . DB_PREFIX . "url_alias WHERE query = 'product_id=" . (int)$product_id . "') AS keyword

----------------------------------------------------------------------


---------- Date: 2017-09-05 13:34:42 ~ IP : 188.163.81.79 ----------
REQUEST URI : /admin/index.php?route=catalog/information&token=5EpDg916r2PRRd3OtinIjncMIIkjeB0w
MOD DETAILS:
   modFile   : /home/printcol/skinali-printcolor.com/www/vqmod/xml/_seo_mega_pack_titles_cmi.xml
   id        : SEO Mega KIT - SEO Title, SEO Heading Title (category, information, manufacturer)
   version   : 1.5.x
   vqmver    : 2.X
   author    : marsilea15@gmail.com

File Name    : admin/controller/catalog/information.php(1)
VQModObject::applyMod - SEARCH NOT FOUND (ABORTING MOD): $this->error['meta_title'][$language_id] = $this->language->get('error_meta_title');

MOD DETAILS:
   modFile   : /home/printcol/skinali-printcolor.com/www/vqmod/xml/_seo_mega_pack_urls_generator.xml
   id        : SEO Mega KIT - URLs Generator
   version   : 1.5.x
   vqmver    : 2.X
   author    : marsilea15@gmail.com

File Name    : admin/model/catalog/information.php(0)
VQModObject::applyMod - SEARCH NOT FOUND (ABORTING MOD): (SELECT keyword FROM " . DB_PREFIX . "url_alias WHERE query = 'information_id=" . (int)$information_id . "') AS keyword

----------------------------------------------------------------------


---------- Date: 2017-09-05 16:31:49 ~ IP : 188.163.81.79 ----------
REQUEST URI : /admin/index.php?route=catalog/category&token=5EpDg916r2PRRd3OtinIjncMIIkjeB0w
MOD DETAILS:
   modFile   : /home/printcol/skinali-printcolor.com/www/vqmod/xml/_seo_mega_pack_titles_cmi.xml
   id        : SEO Mega KIT - SEO Title, SEO Heading Title (category, information, manufacturer)
   version   : 1.5.x
   vqmver    : 2.X
   author    : marsilea15@gmail.com

File Name    : admin/controller/catalog/category.php(1)
VQModObject::applyMod - SEARCH NOT FOUND (ABORTING MOD): $this->error['meta_title'][$language_id] = $this->language->get('error_meta_title');

----------------------------------------------------------------------


---------- Date: 2017-09-05 16:34:22 ~ IP : 188.163.81.79 ----------
REQUEST URI : /admin/index.php?route=catalog/category&token=5EpDg916r2PRRd3OtinIjncMIIkjeB0w
MOD DETAILS:
   modFile   : /home/printcol/skinali-printcolor.com/www/vqmod/xml/_seo_mega_pack_titles_cmi.xml
   id        : SEO Mega KIT - SEO Title, SEO Heading Title (category, information, manufacturer)
   version   : 1.5.x
   vqmver    : 2.X
   author    : marsilea15@gmail.com

File Name    : admin/controller/catalog/category.php(1)
VQModObject::applyMod - SEARCH NOT FOUND (ABORTING MOD): $this->error['meta_title'][$language_id] = $this->language->get('error_meta_title');

MOD DETAILS:
   modFile   : /home/printcol/skinali-printcolor.com/www/vqmod/xml/_seo_mega_pack_urls_generator.xml
   id        : SEO Mega KIT - URLs Generator
   version   : 1.5.x
   vqmver    : 2.X
   author    : marsilea15@gmail.com

File Name    : admin/model/catalog/product.php(0)
VQModObject::applyMod - SEARCH NOT FOUND (ABORTING MOD): (SELECT keyword FROM " . DB_PREFIX . "url_alias WHERE query = 'product_id=" . (int)$product_id . "') AS keyword

----------------------------------------------------------------------


---------- Date: 2017-09-05 16:40:02 ~ IP : 188.163.81.79 ----------
REQUEST URI : /admin/index.php?route=design/layout/edit&token=5EpDg916r2PRRd3OtinIjncMIIkjeB0w&layout_id=15
MOD DETAILS:
   modFile   : /home/printcol/skinali-printcolor.com/www/vqmod/xml/_seo_mega_pack_urls_generator.xml
   id        : SEO Mega KIT - URLs Generator
   version   : 1.5.x
   vqmver    : 2.X
   author    : marsilea15@gmail.com

File Name    : admin/model/catalog/product.php(0)
VQModObject::applyMod - SEARCH NOT FOUND (ABORTING MOD): (SELECT keyword FROM " . DB_PREFIX . "url_alias WHERE query = 'product_id=" . (int)$product_id . "') AS keyword

----------------------------------------------------------------------


---------- Date: 2017-09-05 16:40:10 ~ IP : 188.163.81.79 ----------
REQUEST URI : /admin/index.php?route=catalog/category&token=5EpDg916r2PRRd3OtinIjncMIIkjeB0w
MOD DETAILS:
   modFile   : /home/printcol/skinali-printcolor.com/www/vqmod/xml/_seo_mega_pack_titles_cmi.xml
   id        : SEO Mega KIT - SEO Title, SEO Heading Title (category, information, manufacturer)
   version   : 1.5.x
   vqmver    : 2.X
   author    : marsilea15@gmail.com

File Name    : admin/controller/catalog/category.php(1)
VQModObject::applyMod - SEARCH NOT FOUND (ABORTING MOD): $this->error['meta_title'][$language_id] = $this->language->get('error_meta_title');

----------------------------------------------------------------------


